{"uuid":"097092f1-1a5f-4cc6-982d-9e309adffbc7","historyId":"5018af7d123f0cb04b309ad38a5e9df1","testCaseId":"7e123e0a1afae4cdc77e1c82019eefda","fullName":"src/test/resources/askomdch/features/login/Login.feature:19","labels":[{"name":"tag","value":"login"},{"name":"tag","value":"positiveScenario"},{"name":"host","value":"LAPTOP-VJ26ODK9-Alicade"},{"name":"thread","value":"16984@LAPTOP-VJ26ODK9-Alicade.main(3)"},{"name":"feature","value":"Login Functionality"},{"name":"story","value":"Login Successfully"},{"name":"suite","value":"Login Functionality"},{"name":"testClass","value":"Login Successfully"},{"name":"framework","value":"cucumber4jvm"},{"name":"language","value":"java"},{"name":"gherkin_uri","value":"file:///C:/Users/USER/IdeaProjects/AskomdchBDD_GROUP3_GATE/src/test/resources/askomdch/features/login/Login.feature"},{"name":"package","value":"src.test.resources.askomdch.features.login.Login_feature.Login Functionality"}],"links":[],"name":"Login Successfully","status":"broken","statusDetails":{"known":false,"muted":false,"flaky":false,"message":"Expected condition failed: waiting for visibility of element located by By.linkText: Dashboard (tried for 15 second(s) with 500 milliseconds interval)\nBuild info: version: '4.39.0', revision: '126f156aee'\nSystem info: os.name: 'Windows 11', os.arch: 'amd64', os.version: '10.0', java.version: '25'\nDriver info: org.openqa.selenium.chrome.ChromeDriver\nCapabilities {acceptInsecureCerts: false, browserName: chrome, browserVersion: 144.0.7559.110, chrome: {chromedriverVersion: 144.0.7559.96 (d7b80622cfab..., userDataDir: C:\\Users\\USER\\AppData\\Local...}, fedcm:accounts: true, goog:chromeOptions: {debuggerAddress: localhost:61472}, goog:processID: 20928, networkConnectionEnabled: false, pageLoadStrategy: normal, platformName: windows, proxy: Proxy(), se:cdp: ws://localhost:61472/devtoo..., se:cdpVersion: 144.0.7559.110, setWindowRect: true, strictFileInteractability: false, timeouts: {implicit: 0, pageLoad: 300000, script: 30000}, unhandledPromptBehavior: dismiss and notify, webauthn:extension:credBlob: true, webauthn:extension:largeBlob: true, webauthn:extension:minPinLength: true, webauthn:extension:prf: true, webauthn:virtualAuthenticators: true}\nSession ID: 1cadb3eff24c1840a44ed01ebdaad976","trace":"org.openqa.selenium.TimeoutException: Expected condition failed: waiting for visibility of element located by By.linkText: Dashboard (tried for 15 second(s) with 500 milliseconds interval)\nBuild info: version: '4.39.0', revision: '126f156aee'\nSystem info: os.name: 'Windows 11', os.arch: 'amd64', os.version: '10.0', java.version: '25'\nDriver info: org.openqa.selenium.chrome.ChromeDriver\nCapabilities {acceptInsecureCerts: false, browserName: chrome, browserVersion: 144.0.7559.110, chrome: {chromedriverVersion: 144.0.7559.96 (d7b80622cfab..., userDataDir: C:\\Users\\USER\\AppData\\Local...}, fedcm:accounts: true, goog:chromeOptions: {debuggerAddress: localhost:61472}, goog:processID: 20928, networkConnectionEnabled: false, pageLoadStrategy: normal, platformName: windows, proxy: Proxy(), se:cdp: ws://localhost:61472/devtoo..., se:cdpVersion: 144.0.7559.110, setWindowRect: true, strictFileInteractability: false, timeouts: {implicit: 0, pageLoad: 300000, script: 30000}, unhandledPromptBehavior: dismiss and notify, webauthn:extension:credBlob: true, webauthn:extension:largeBlob: true, webauthn:extension:minPinLength: true, webauthn:extension:prf: true, webauthn:virtualAuthenticators: true}\nSession ID: 1cadb3eff24c1840a44ed01ebdaad976\r\n\tat org.openqa.selenium.support.ui.WebDriverWait.timeoutException(WebDriverWait.java:84)\r\n\tat org.openqa.selenium.support.ui.FluentWait.until(FluentWait.java:228)\r\n\tat askomdch.pages.DashboardPage.getDashboardAccess(DashboardPage.java:26)\r\n\tat askomdch.stepdefinitions.login.LoginStepDefinitions.getAccessToDashboard(LoginStepDefinitions.java:40)\r\n\tat ✽.I get redirected to Dashboard Page(file:///C:/Users/USER/IdeaProjects/AskomdchBDD_GROUP3_GATE/src/test/resources/askomdch/features/login/Login.feature:14)\r\n"},"stage":"finished","description":"  As a Customer\n  I want to login AskOmDch OnlineStore\n  So that I can access my personalized data and preferences.","steps":[{"name":"Given As I'm on the AskOmDch Account Page","status":"passed","statusDetails":{"known":false,"muted":false,"flaky":false},"stage":"finished","steps":[],"attachments":[],"parameters":[],"start":1769963714221,"stop":1769963806454},{"name":"When I enter valid credentials \"USANavy\" and \"Pass456!qqq\"","status":"passed","statusDetails":{"known":false,"muted":false,"flaky":false},"stage":"finished","steps":[],"attachments":[],"parameters":[],"start":1769963806455,"stop":1769963807028},{"name":"And I click the \"Log in\" button","status":"passed","statusDetails":{"known":false,"muted":false,"flaky":false},"stage":"finished","steps":[],"attachments":[],"parameters":[],"start":1769963807029,"stop":1769963809752},{"name":"Then I get redirected to Dashboard Page","status":"broken","statusDetails":{"known":false,"muted":false,"flaky":false,"message":"Expected condition failed: waiting for visibility of element located by By.linkText: Dashboard (tried for 15 second(s) with 500 milliseconds interval)\nBuild info: version: '4.39.0', revision: '126f156aee'\nSystem info: os.name: 'Windows 11', os.arch: 'amd64', os.version: '10.0', java.version: '25'\nDriver info: org.openqa.selenium.chrome.ChromeDriver\nCapabilities {acceptInsecureCerts: false, browserName: chrome, browserVersion: 144.0.7559.110, chrome: {chromedriverVersion: 144.0.7559.96 (d7b80622cfab..., userDataDir: C:\\Users\\USER\\AppData\\Local...}, fedcm:accounts: true, goog:chromeOptions: {debuggerAddress: localhost:61472}, goog:processID: 20928, networkConnectionEnabled: false, pageLoadStrategy: normal, platformName: windows, proxy: Proxy(), se:cdp: ws://localhost:61472/devtoo..., se:cdpVersion: 144.0.7559.110, setWindowRect: true, strictFileInteractability: false, timeouts: {implicit: 0, pageLoad: 300000, script: 30000}, unhandledPromptBehavior: dismiss and notify, webauthn:extension:credBlob: true, webauthn:extension:largeBlob: true, webauthn:extension:minPinLength: true, webauthn:extension:prf: true, webauthn:virtualAuthenticators: true}\nSession ID: 1cadb3eff24c1840a44ed01ebdaad976","trace":"org.openqa.selenium.TimeoutException: Expected condition failed: waiting for visibility of element located by By.linkText: Dashboard (tried for 15 second(s) with 500 milliseconds interval)\nBuild info: version: '4.39.0', revision: '126f156aee'\nSystem info: os.name: 'Windows 11', os.arch: 'amd64', os.version: '10.0', java.version: '25'\nDriver info: org.openqa.selenium.chrome.ChromeDriver\nCapabilities {acceptInsecureCerts: false, browserName: chrome, browserVersion: 144.0.7559.110, chrome: {chromedriverVersion: 144.0.7559.96 (d7b80622cfab..., userDataDir: C:\\Users\\USER\\AppData\\Local...}, fedcm:accounts: true, goog:chromeOptions: {debuggerAddress: localhost:61472}, goog:processID: 20928, networkConnectionEnabled: false, pageLoadStrategy: normal, platformName: windows, proxy: Proxy(), se:cdp: ws://localhost:61472/devtoo..., se:cdpVersion: 144.0.7559.110, setWindowRect: true, strictFileInteractability: false, timeouts: {implicit: 0, pageLoad: 300000, script: 30000}, unhandledPromptBehavior: dismiss and notify, webauthn:extension:credBlob: true, webauthn:extension:largeBlob: true, webauthn:extension:minPinLength: true, webauthn:extension:prf: true, webauthn:virtualAuthenticators: true}\nSession ID: 1cadb3eff24c1840a44ed01ebdaad976\r\n\tat org.openqa.selenium.support.ui.WebDriverWait.timeoutException(WebDriverWait.java:84)\r\n\tat org.openqa.selenium.support.ui.FluentWait.until(FluentWait.java:228)\r\n\tat askomdch.pages.DashboardPage.getDashboardAccess(DashboardPage.java:26)\r\n\tat askomdch.stepdefinitions.login.LoginStepDefinitions.getAccessToDashboard(LoginStepDefinitions.java:40)\r\n\tat ✽.I get redirected to Dashboard Page(file:///C:/Users/USER/IdeaProjects/AskomdchBDD_GROUP3_GATE/src/test/resources/askomdch/features/login/Login.feature:14)\r\n"},"stage":"finished","steps":[],"attachments":[],"parameters":[],"start":1769963809754,"stop":1769963825233},{"name":"And I should see welcome message","status":"skipped","statusDetails":{"known":false,"muted":false,"flaky":false},"stage":"finished","steps":[],"attachments":[],"parameters":[],"start":1769963825237,"stop":1769963825239}],"attachments":[],"parameters":[{"name":"username","value":"USANavy"},{"name":"password","value":"Pass456!qqq"}],"start":1769963714220,"stop":1769963826369}