{"uuid":"765f7dfd-adc4-4525-9533-bca3f22b7d36","historyId":"4563ef95c93aca86dedb9937c117c3ed","testCaseId":"89da2d18e6d41ad8b73aa0cc5dd0eda6","fullName":"src/test/resources/askomdch/features/login/Login.feature:35","labels":[{"name":"tag","value":"login"},{"name":"tag","value":"positiveScenario"},{"name":"host","value":"LAPTOP-VJ26ODK9-Alicade"},{"name":"thread","value":"11288@LAPTOP-VJ26ODK9-Alicade.pool-3-thread-1(37)"},{"name":"feature","value":"Login Functionality"},{"name":"story","value":"Successfully initiate password reset"},{"name":"suite","value":"Login Functionality"},{"name":"testClass","value":"Successfully initiate password reset"},{"name":"framework","value":"cucumber4jvm"},{"name":"language","value":"java"},{"name":"gherkin_uri","value":"file:///C:/Users/USER/IdeaProjects/AskomdchBDD_GROUP3_GATE/src/test/resources/askomdch/features/login/Login.feature"},{"name":"package","value":"src.test.resources.askomdch.features.login.Login_feature.Login Functionality"}],"links":[],"name":"Successfully initiate password reset","status":"broken","statusDetails":{"known":false,"muted":false,"flaky":false,"message":"Expected condition failed: waiting for visibility of element located by By.cssSelector: div.woocommerce-message (tried for 15 second(s) with 500 milliseconds interval)\nBuild info: version: '4.39.0', revision: '126f156aee'\nSystem info: os.name: 'Windows 11', os.arch: 'amd64', os.version: '10.0', java.version: '25'\nDriver info: org.openqa.selenium.chrome.ChromeDriver\nCapabilities {acceptInsecureCerts: false, browserName: chrome, browserVersion: 144.0.7559.110, chrome: {chromedriverVersion: 144.0.7559.96 (d7b80622cfab..., userDataDir: C:\\Users\\USER\\AppData\\Local...}, fedcm:accounts: true, goog:chromeOptions: {debuggerAddress: localhost:58061}, goog:processID: 30096, networkConnectionEnabled: false, pageLoadStrategy: normal, platformName: windows, proxy: Proxy(), se:cdp: ws://localhost:58061/devtoo..., se:cdpVersion: 144.0.7559.110, setWindowRect: true, strictFileInteractability: false, timeouts: {implicit: 0, pageLoad: 300000, script: 30000}, unhandledPromptBehavior: dismiss and notify, webauthn:extension:credBlob: true, webauthn:extension:largeBlob: true, webauthn:extension:minPinLength: true, webauthn:extension:prf: true, webauthn:virtualAuthenticators: true}\nSession ID: 700643496a9f77b7b09c6587fc7d44ee","trace":"org.openqa.selenium.TimeoutException: Expected condition failed: waiting for visibility of element located by By.cssSelector: div.woocommerce-message (tried for 15 second(s) with 500 milliseconds interval)\nBuild info: version: '4.39.0', revision: '126f156aee'\nSystem info: os.name: 'Windows 11', os.arch: 'amd64', os.version: '10.0', java.version: '25'\nDriver info: org.openqa.selenium.chrome.ChromeDriver\nCapabilities {acceptInsecureCerts: false, browserName: chrome, browserVersion: 144.0.7559.110, chrome: {chromedriverVersion: 144.0.7559.96 (d7b80622cfab..., userDataDir: C:\\Users\\USER\\AppData\\Local...}, fedcm:accounts: true, goog:chromeOptions: {debuggerAddress: localhost:58061}, goog:processID: 30096, networkConnectionEnabled: false, pageLoadStrategy: normal, platformName: windows, proxy: Proxy(), se:cdp: ws://localhost:58061/devtoo..., se:cdpVersion: 144.0.7559.110, setWindowRect: true, strictFileInteractability: false, timeouts: {implicit: 0, pageLoad: 300000, script: 30000}, unhandledPromptBehavior: dismiss and notify, webauthn:extension:credBlob: true, webauthn:extension:largeBlob: true, webauthn:extension:minPinLength: true, webauthn:extension:prf: true, webauthn:virtualAuthenticators: true}\nSession ID: 700643496a9f77b7b09c6587fc7d44ee\r\n\tat org.openqa.selenium.support.ui.WebDriverWait.timeoutException(WebDriverWait.java:84)\r\n\tat org.openqa.selenium.support.ui.FluentWait.until(FluentWait.java:228)\r\n\tat askomdch.pages.AccountPage.getPasswordResetConfirmationMessage(AccountPage.java:90)\r\n\tat askomdch.stepdefinitions.login.LoginStepDefinitions.i_should_see_confirmation_message(LoginStepDefinitions.java:87)\r\n\tat ✽.I should see a confirmation message \"Password reset email has been sent.\"(file:///C:/Users/USER/IdeaProjects/AskomdchBDD_GROUP3_GATE/src/test/resources/askomdch/features/login/Login.feature:40)\r\n"},"stage":"finished","description":"  As a Customer\n  I want to login AskOmDch OnlineStore\n  So that I can access my personalized data and preferences.","steps":[{"name":"Given As I'm on the AskOmDch Account Page","status":"passed","statusDetails":{"known":false,"muted":false,"flaky":false},"stage":"finished","steps":[],"attachments":[],"parameters":[],"start":1769978569210,"stop":1769978661533},{"name":"Given I am on the \"Account\" page","status":"passed","statusDetails":{"known":false,"muted":false,"flaky":false},"stage":"finished","steps":[],"attachments":[],"parameters":[],"start":1769978661534,"stop":1769978663730},{"name":"When I click the \"Lost your password?\" link","status":"passed","statusDetails":{"known":false,"muted":false,"flaky":false},"stage":"finished","steps":[],"attachments":[],"parameters":[],"start":1769978663730,"stop":1769978665251},{"name":"And I enter a registered email \"qwerty\" in the lost password email field","status":"passed","statusDetails":{"known":false,"muted":false,"flaky":false},"stage":"finished","steps":[],"attachments":[],"parameters":[],"start":1769978665252,"stop":1769978665404},{"name":"And I click the \"Reset password\" button","status":"passed","statusDetails":{"known":false,"muted":false,"flaky":false},"stage":"finished","steps":[],"attachments":[],"parameters":[],"start":1769978665406,"stop":1769978665514},{"name":"Then I should see a confirmation message \"Password reset email has been sent.\"","status":"broken","statusDetails":{"known":false,"muted":false,"flaky":false,"message":"Expected condition failed: waiting for visibility of element located by By.cssSelector: div.woocommerce-message (tried for 15 second(s) with 500 milliseconds interval)\nBuild info: version: '4.39.0', revision: '126f156aee'\nSystem info: os.name: 'Windows 11', os.arch: 'amd64', os.version: '10.0', java.version: '25'\nDriver info: org.openqa.selenium.chrome.ChromeDriver\nCapabilities {acceptInsecureCerts: false, browserName: chrome, browserVersion: 144.0.7559.110, chrome: {chromedriverVersion: 144.0.7559.96 (d7b80622cfab..., userDataDir: C:\\Users\\USER\\AppData\\Local...}, fedcm:accounts: true, goog:chromeOptions: {debuggerAddress: localhost:58061}, goog:processID: 30096, networkConnectionEnabled: false, pageLoadStrategy: normal, platformName: windows, proxy: Proxy(), se:cdp: ws://localhost:58061/devtoo..., se:cdpVersion: 144.0.7559.110, setWindowRect: true, strictFileInteractability: false, timeouts: {implicit: 0, pageLoad: 300000, script: 30000}, unhandledPromptBehavior: dismiss and notify, webauthn:extension:credBlob: true, webauthn:extension:largeBlob: true, webauthn:extension:minPinLength: true, webauthn:extension:prf: true, webauthn:virtualAuthenticators: true}\nSession ID: 700643496a9f77b7b09c6587fc7d44ee","trace":"org.openqa.selenium.TimeoutException: Expected condition failed: waiting for visibility of element located by By.cssSelector: div.woocommerce-message (tried for 15 second(s) with 500 milliseconds interval)\nBuild info: version: '4.39.0', revision: '126f156aee'\nSystem info: os.name: 'Windows 11', os.arch: 'amd64', os.version: '10.0', java.version: '25'\nDriver info: org.openqa.selenium.chrome.ChromeDriver\nCapabilities {acceptInsecureCerts: false, browserName: chrome, browserVersion: 144.0.7559.110, chrome: {chromedriverVersion: 144.0.7559.96 (d7b80622cfab..., userDataDir: C:\\Users\\USER\\AppData\\Local...}, fedcm:accounts: true, goog:chromeOptions: {debuggerAddress: localhost:58061}, goog:processID: 30096, networkConnectionEnabled: false, pageLoadStrategy: normal, platformName: windows, proxy: Proxy(), se:cdp: ws://localhost:58061/devtoo..., se:cdpVersion: 144.0.7559.110, setWindowRect: true, strictFileInteractability: false, timeouts: {implicit: 0, pageLoad: 300000, script: 30000}, unhandledPromptBehavior: dismiss and notify, webauthn:extension:credBlob: true, webauthn:extension:largeBlob: true, webauthn:extension:minPinLength: true, webauthn:extension:prf: true, webauthn:virtualAuthenticators: true}\nSession ID: 700643496a9f77b7b09c6587fc7d44ee\r\n\tat org.openqa.selenium.support.ui.WebDriverWait.timeoutException(WebDriverWait.java:84)\r\n\tat org.openqa.selenium.support.ui.FluentWait.until(FluentWait.java:228)\r\n\tat askomdch.pages.AccountPage.getPasswordResetConfirmationMessage(AccountPage.java:90)\r\n\tat askomdch.stepdefinitions.login.LoginStepDefinitions.i_should_see_confirmation_message(LoginStepDefinitions.java:87)\r\n\tat ✽.I should see a confirmation message \"Password reset email has been sent.\"(file:///C:/Users/USER/IdeaProjects/AskomdchBDD_GROUP3_GATE/src/test/resources/askomdch/features/login/Login.feature:40)\r\n"},"stage":"finished","steps":[],"attachments":[],"parameters":[],"start":1769978665515,"stop":1769978681445}],"attachments":[],"parameters":[],"start":1769978569207,"stop":1769978682325}