{"uid":"590830dc7d70d123","name":"Login Successfully","fullName":"src/test/resources/askomdch/features/login/Login.feature:19","historyId":"5018af7d123f0cb04b309ad38a5e9df1","time":{"start":1769978683768,"stop":1769978785378,"duration":101610},"description":"  As a Customer\n  I want to login AskOmDch OnlineStore\n  So that I can access my personalized data and preferences.","descriptionHtml":"<p>As a Customer<br />\nI want to login AskOmDch OnlineStore<br />\nSo that I can access my personalized data and preferences.</p>\n","status":"broken","statusMessage":"Expected condition failed: waiting for element to be clickable: By.id: username (tried for 15 second(s) with 500 milliseconds interval)\nBuild info: version: '4.39.0', revision: '126f156aee'\nSystem info: os.name: 'Windows 11', os.arch: 'amd64', os.version: '10.0', java.version: '25'\nDriver info: org.openqa.selenium.chrome.ChromeDriver\nCapabilities {acceptInsecureCerts: false, browserName: chrome, browserVersion: 144.0.7559.110, chrome: {chromedriverVersion: 144.0.7559.96 (d7b80622cfab..., userDataDir: C:\\Users\\USER\\AppData\\Local...}, fedcm:accounts: true, goog:chromeOptions: {debuggerAddress: localhost:61392}, goog:processID: 22820, networkConnectionEnabled: false, pageLoadStrategy: normal, platformName: windows, proxy: Proxy(), se:cdp: ws://localhost:61392/devtoo..., se:cdpVersion: 144.0.7559.110, setWindowRect: true, strictFileInteractability: false, timeouts: {implicit: 0, pageLoad: 300000, script: 30000}, unhandledPromptBehavior: dismiss and notify, webauthn:extension:credBlob: true, webauthn:extension:largeBlob: true, webauthn:extension:minPinLength: true, webauthn:extension:prf: true, webauthn:virtualAuthenticators: true}\nSession ID: 0e647aab473d58b996945eb24b99d3c7","statusTrace":"org.openqa.selenium.TimeoutException: Expected condition failed: waiting for element to be clickable: By.id: username (tried for 15 second(s) with 500 milliseconds interval)\nBuild info: version: '4.39.0', revision: '126f156aee'\nSystem info: os.name: 'Windows 11', os.arch: 'amd64', os.version: '10.0', java.version: '25'\nDriver info: org.openqa.selenium.chrome.ChromeDriver\nCapabilities {acceptInsecureCerts: false, browserName: chrome, browserVersion: 144.0.7559.110, chrome: {chromedriverVersion: 144.0.7559.96 (d7b80622cfab..., userDataDir: C:\\Users\\USER\\AppData\\Local...}, fedcm:accounts: true, goog:chromeOptions: {debuggerAddress: localhost:61392}, goog:processID: 22820, networkConnectionEnabled: false, pageLoadStrategy: normal, platformName: windows, proxy: Proxy(), se:cdp: ws://localhost:61392/devtoo..., se:cdpVersion: 144.0.7559.110, setWindowRect: true, strictFileInteractability: false, timeouts: {implicit: 0, pageLoad: 300000, script: 30000}, unhandledPromptBehavior: dismiss and notify, webauthn:extension:credBlob: true, webauthn:extension:largeBlob: true, webauthn:extension:minPinLength: true, webauthn:extension:prf: true, webauthn:virtualAuthenticators: true}\nSession ID: 0e647aab473d58b996945eb24b99d3c7\r\n\tat org.openqa.selenium.support.ui.WebDriverWait.timeoutException(WebDriverWait.java:84)\r\n\tat org.openqa.selenium.support.ui.FluentWait.until(FluentWait.java:228)\r\n\tat askomdch.pages.AccountPage.setCredentials(AccountPage.java:26)\r\n\tat askomdch.stepdefinitions.login.LoginStepDefinitions.enterCredentials(LoginStepDefinitions.java:30)\r\n\tat ✽.I enter valid credentials \"USANavy\" and \"Pass456!qqq\"(file:///C:/Users/USER/IdeaProjects/AskomdchBDD_GROUP3_GATE/src/test/resources/askomdch/features/login/Login.feature:12)\r\n","flaky":false,"newFailed":false,"newBroken":false,"newPassed":false,"retriesCount":3,"retriesStatusChange":true,"beforeStages":[],"testStage":{"description":"  As a Customer\n  I want to login AskOmDch OnlineStore\n  So that I can access my personalized data and preferences.","status":"broken","statusMessage":"Expected condition failed: waiting for element to be clickable: By.id: username (tried for 15 second(s) with 500 milliseconds interval)\nBuild info: version: '4.39.0', revision: '126f156aee'\nSystem info: os.name: 'Windows 11', os.arch: 'amd64', os.version: '10.0', java.version: '25'\nDriver info: org.openqa.selenium.chrome.ChromeDriver\nCapabilities {acceptInsecureCerts: false, browserName: chrome, browserVersion: 144.0.7559.110, chrome: {chromedriverVersion: 144.0.7559.96 (d7b80622cfab..., userDataDir: C:\\Users\\USER\\AppData\\Local...}, fedcm:accounts: true, goog:chromeOptions: {debuggerAddress: localhost:61392}, goog:processID: 22820, networkConnectionEnabled: false, pageLoadStrategy: normal, platformName: windows, proxy: Proxy(), se:cdp: ws://localhost:61392/devtoo..., se:cdpVersion: 144.0.7559.110, setWindowRect: true, strictFileInteractability: false, timeouts: {implicit: 0, pageLoad: 300000, script: 30000}, unhandledPromptBehavior: dismiss and notify, webauthn:extension:credBlob: true, webauthn:extension:largeBlob: true, webauthn:extension:minPinLength: true, webauthn:extension:prf: true, webauthn:virtualAuthenticators: true}\nSession ID: 0e647aab473d58b996945eb24b99d3c7","statusTrace":"org.openqa.selenium.TimeoutException: Expected condition failed: waiting for element to be clickable: By.id: username (tried for 15 second(s) with 500 milliseconds interval)\nBuild info: version: '4.39.0', revision: '126f156aee'\nSystem info: os.name: 'Windows 11', os.arch: 'amd64', os.version: '10.0', java.version: '25'\nDriver info: org.openqa.selenium.chrome.ChromeDriver\nCapabilities {acceptInsecureCerts: false, browserName: chrome, browserVersion: 144.0.7559.110, chrome: {chromedriverVersion: 144.0.7559.96 (d7b80622cfab..., userDataDir: C:\\Users\\USER\\AppData\\Local...}, fedcm:accounts: true, goog:chromeOptions: {debuggerAddress: localhost:61392}, goog:processID: 22820, networkConnectionEnabled: false, pageLoadStrategy: normal, platformName: windows, proxy: Proxy(), se:cdp: ws://localhost:61392/devtoo..., se:cdpVersion: 144.0.7559.110, setWindowRect: true, strictFileInteractability: false, timeouts: {implicit: 0, pageLoad: 300000, script: 30000}, unhandledPromptBehavior: dismiss and notify, webauthn:extension:credBlob: true, webauthn:extension:largeBlob: true, webauthn:extension:minPinLength: true, webauthn:extension:prf: true, webauthn:virtualAuthenticators: true}\nSession ID: 0e647aab473d58b996945eb24b99d3c7\r\n\tat org.openqa.selenium.support.ui.WebDriverWait.timeoutException(WebDriverWait.java:84)\r\n\tat org.openqa.selenium.support.ui.FluentWait.until(FluentWait.java:228)\r\n\tat askomdch.pages.AccountPage.setCredentials(AccountPage.java:26)\r\n\tat askomdch.stepdefinitions.login.LoginStepDefinitions.enterCredentials(LoginStepDefinitions.java:30)\r\n\tat ✽.I enter valid credentials \"USANavy\" and \"Pass456!qqq\"(file:///C:/Users/USER/IdeaProjects/AskomdchBDD_GROUP3_GATE/src/test/resources/askomdch/features/login/Login.feature:12)\r\n","steps":[{"name":"Given As I'm on the AskOmDch Account Page","time":{"start":1769978683769,"stop":1769978769667,"duration":85898},"status":"passed","steps":[],"attachments":[],"parameters":[],"attachmentStep":false,"shouldDisplayMessage":false,"stepsCount":0,"attachmentsCount":0,"hasContent":false},{"name":"When I enter valid credentials \"USANavy\" and \"Pass456!qqq\"","time":{"start":1769978769668,"stop":1769978784684,"duration":15016},"status":"broken","statusMessage":"Expected condition failed: waiting for element to be clickable: By.id: username (tried for 15 second(s) with 500 milliseconds interval)\nBuild info: version: '4.39.0', revision: '126f156aee'\nSystem info: os.name: 'Windows 11', os.arch: 'amd64', os.version: '10.0', java.version: '25'\nDriver info: org.openqa.selenium.chrome.ChromeDriver\nCapabilities {acceptInsecureCerts: false, browserName: chrome, browserVersion: 144.0.7559.110, chrome: {chromedriverVersion: 144.0.7559.96 (d7b80622cfab..., userDataDir: C:\\Users\\USER\\AppData\\Local...}, fedcm:accounts: true, goog:chromeOptions: {debuggerAddress: localhost:61392}, goog:processID: 22820, networkConnectionEnabled: false, pageLoadStrategy: normal, platformName: windows, proxy: Proxy(), se:cdp: ws://localhost:61392/devtoo..., se:cdpVersion: 144.0.7559.110, setWindowRect: true, strictFileInteractability: false, timeouts: {implicit: 0, pageLoad: 300000, script: 30000}, unhandledPromptBehavior: dismiss and notify, webauthn:extension:credBlob: true, webauthn:extension:largeBlob: true, webauthn:extension:minPinLength: true, webauthn:extension:prf: true, webauthn:virtualAuthenticators: true}\nSession ID: 0e647aab473d58b996945eb24b99d3c7","statusTrace":"org.openqa.selenium.TimeoutException: Expected condition failed: waiting for element to be clickable: By.id: username (tried for 15 second(s) with 500 milliseconds interval)\nBuild info: version: '4.39.0', revision: '126f156aee'\nSystem info: os.name: 'Windows 11', os.arch: 'amd64', os.version: '10.0', java.version: '25'\nDriver info: org.openqa.selenium.chrome.ChromeDriver\nCapabilities {acceptInsecureCerts: false, browserName: chrome, browserVersion: 144.0.7559.110, chrome: {chromedriverVersion: 144.0.7559.96 (d7b80622cfab..., userDataDir: C:\\Users\\USER\\AppData\\Local...}, fedcm:accounts: true, goog:chromeOptions: {debuggerAddress: localhost:61392}, goog:processID: 22820, networkConnectionEnabled: false, pageLoadStrategy: normal, platformName: windows, proxy: Proxy(), se:cdp: ws://localhost:61392/devtoo..., se:cdpVersion: 144.0.7559.110, setWindowRect: true, strictFileInteractability: false, timeouts: {implicit: 0, pageLoad: 300000, script: 30000}, unhandledPromptBehavior: dismiss and notify, webauthn:extension:credBlob: true, webauthn:extension:largeBlob: true, webauthn:extension:minPinLength: true, webauthn:extension:prf: true, webauthn:virtualAuthenticators: true}\nSession ID: 0e647aab473d58b996945eb24b99d3c7\r\n\tat org.openqa.selenium.support.ui.WebDriverWait.timeoutException(WebDriverWait.java:84)\r\n\tat org.openqa.selenium.support.ui.FluentWait.until(FluentWait.java:228)\r\n\tat askomdch.pages.AccountPage.setCredentials(AccountPage.java:26)\r\n\tat askomdch.stepdefinitions.login.LoginStepDefinitions.enterCredentials(LoginStepDefinitions.java:30)\r\n\tat ✽.I enter valid credentials \"USANavy\" and \"Pass456!qqq\"(file:///C:/Users/USER/IdeaProjects/AskomdchBDD_GROUP3_GATE/src/test/resources/askomdch/features/login/Login.feature:12)\r\n","steps":[],"attachments":[],"parameters":[],"attachmentStep":false,"shouldDisplayMessage":true,"stepsCount":0,"attachmentsCount":0,"hasContent":true},{"name":"And I click the \"Log in\" button","time":{"start":1769978784685,"stop":1769978784687,"duration":2},"status":"skipped","steps":[],"attachments":[],"parameters":[],"attachmentStep":false,"shouldDisplayMessage":false,"stepsCount":0,"attachmentsCount":0,"hasContent":false},{"name":"Then I get redirected to Dashboard Page","time":{"start":1769978784687,"stop":1769978784687,"duration":0},"status":"skipped","steps":[],"attachments":[],"parameters":[],"attachmentStep":false,"shouldDisplayMessage":false,"stepsCount":0,"attachmentsCount":0,"hasContent":false},{"name":"And I should see welcome message","time":{"start":1769978784687,"stop":1769978784688,"duration":1},"status":"skipped","steps":[],"attachments":[],"parameters":[],"attachmentStep":false,"shouldDisplayMessage":false,"stepsCount":0,"attachmentsCount":0,"hasContent":false}],"attachments":[],"parameters":[],"attachmentStep":false,"shouldDisplayMessage":false,"stepsCount":5,"attachmentsCount":0,"hasContent":true},"afterStages":[{"name":"askomdch.hooks.Hooks.tearDown(io.cucumber.java.Scenario)","time":{"start":1769978784688,"stop":1769978785368,"duration":680},"status":"passed","steps":[],"attachments":[{"uid":"534e51df06cdfbf2","name":"failed step","source":"534e51df06cdfbf2png","type":"image/png","size":7035}],"parameters":[],"attachmentStep":false,"shouldDisplayMessage":false,"stepsCount":0,"attachmentsCount":1,"hasContent":true}],"labels":[{"name":"tag","value":"login"},{"name":"tag","value":"positiveScenario"},{"name":"host","value":"LAPTOP-VJ26ODK9-Alicade"},{"name":"thread","value":"11288@LAPTOP-VJ26ODK9-Alicade.pool-3-thread-2(101)"},{"name":"feature","value":"Login Functionality"},{"name":"story","value":"Login Successfully"},{"name":"suite","value":"Login Functionality"},{"name":"testClass","value":"Login Successfully"},{"name":"framework","value":"cucumber4jvm"},{"name":"language","value":"java"},{"name":"gherkin_uri","value":"file:///C:/Users/USER/IdeaProjects/AskomdchBDD_GROUP3_GATE/src/test/resources/askomdch/features/login/Login.feature"},{"name":"package","value":"src.test.resources.askomdch.features.login.Login_feature.Login Functionality"},{"name":"resultFormat","value":"allure2"}],"parameters":[{"name":"password","value":"Pass456!qqq"},{"name":"username","value":"USANavy"}],"links":[],"hidden":false,"retry":false,"extra":{"severity":"normal","retries":[{"uid":"f45cc2b36c205de9","status":"broken","statusDetails":"Expected condition failed: waiting for visibility of element located by By.linkText: Dashboard (tried for 15 second(s) with 500 milliseconds interval)\nBuild info: version: '4.39.0', revision: '126f156aee'\nSystem info: os.name: 'Windows 11', os.arch: 'amd64', os.version: '10.0', java.version: '25'\nDriver info: org.openqa.selenium.chrome.ChromeDriver\nCapabilities {acceptInsecureCerts: false, browserName: chrome, browserVersion: 144.0.7559.110, chrome: {chromedriverVersion: 144.0.7559.96 (d7b80622cfab..., userDataDir: C:\\Users\\USER\\AppData\\Local...}, fedcm:accounts: true, goog:chromeOptions: {debuggerAddress: localhost:62911}, goog:processID: 31848, networkConnectionEnabled: false, pageLoadStrategy: normal, platformName: windows, proxy: Proxy(), se:cdp: ws://localhost:62911/devtoo..., se:cdpVersion: 144.0.7559.110, setWindowRect: true, strictFileInteractability: false, timeouts: {implicit: 0, pageLoad: 300000, script: 30000}, unhandledPromptBehavior: dismiss and notify, webauthn:extension:credBlob: true, webauthn:extension:largeBlob: true, webauthn:extension:minPinLength: true, webauthn:extension:prf: true, webauthn:virtualAuthenticators: true}\nSession ID: bc8416ae15a4c408710bdf7db56b0901","time":{"start":1769978462524,"stop":1769978569177,"duration":106653}},{"uid":"89ea1697577f21f4","status":"broken","statusDetails":"Expected condition failed: waiting for visibility of element located by By.linkText: Dashboard (tried for 15 second(s) with 500 milliseconds interval)\nBuild info: version: '4.39.0', revision: '126f156aee'\nSystem info: os.name: 'Windows 11', os.arch: 'amd64', os.version: '10.0', java.version: '25'\nDriver info: org.openqa.selenium.chrome.ChromeDriver\nCapabilities {acceptInsecureCerts: false, browserName: chrome, browserVersion: 144.0.7559.110, chrome: {chromedriverVersion: 144.0.7559.96 (d7b80622cfab..., userDataDir: C:\\Users\\USER\\AppData\\Local...}, fedcm:accounts: true, goog:chromeOptions: {debuggerAddress: localhost:61472}, goog:processID: 20928, networkConnectionEnabled: false, pageLoadStrategy: normal, platformName: windows, proxy: Proxy(), se:cdp: ws://localhost:61472/devtoo..., se:cdpVersion: 144.0.7559.110, setWindowRect: true, strictFileInteractability: false, timeouts: {implicit: 0, pageLoad: 300000, script: 30000}, unhandledPromptBehavior: dismiss and notify, webauthn:extension:credBlob: true, webauthn:extension:largeBlob: true, webauthn:extension:minPinLength: true, webauthn:extension:prf: true, webauthn:virtualAuthenticators: true}\nSession ID: 1cadb3eff24c1840a44ed01ebdaad976","time":{"start":1769963714220,"stop":1769963826369,"duration":112149}},{"uid":"cc6353fb4a07760e","status":"passed","time":{"start":1769960803950,"stop":1769960903374,"duration":99424}}],"categories":[{"name":"Test defects","matchedStatuses":[]}],"history":{"statistic":{"failed":0,"broken":2,"skipped":0,"passed":0,"unknown":0,"total":2},"items":[{"uid":"9b092c8dd793da12","status":"broken","statusDetails":"Expected condition failed: waiting for element to be clickable: By.id: username (tried for 15 second(s) with 500 milliseconds interval)\nBuild info: version: '4.39.0', revision: '126f156aee'\nSystem info: os.name: 'Windows 11', os.arch: 'amd64', os.version: '10.0', java.version: '25'\nDriver info: org.openqa.selenium.chrome.ChromeDriver\nCapabilities {acceptInsecureCerts: false, browserName: chrome, browserVersion: 144.0.7559.110, chrome: {chromedriverVersion: 144.0.7559.96 (d7b80622cfab..., userDataDir: C:\\Users\\USER\\AppData\\Local...}, fedcm:accounts: true, goog:chromeOptions: {debuggerAddress: localhost:61392}, goog:processID: 22820, networkConnectionEnabled: false, pageLoadStrategy: normal, platformName: windows, proxy: Proxy(), se:cdp: ws://localhost:61392/devtoo..., se:cdpVersion: 144.0.7559.110, setWindowRect: true, strictFileInteractability: false, timeouts: {implicit: 0, pageLoad: 300000, script: 30000}, unhandledPromptBehavior: dismiss and notify, webauthn:extension:credBlob: true, webauthn:extension:largeBlob: true, webauthn:extension:minPinLength: true, webauthn:extension:prf: true, webauthn:virtualAuthenticators: true}\nSession ID: 0e647aab473d58b996945eb24b99d3c7","time":{"start":1769978683768,"stop":1769978785378,"duration":101610}}]},"tags":["positiveScenario","login"]},"source":"590830dc7d70d123.json","parameterValues":["Pass456!qqq","USANavy"]}