{"uid":"89ea1697577f21f4","name":"Login Successfully","fullName":"src/test/resources/askomdch/features/login/Login.feature:19","historyId":"5018af7d123f0cb04b309ad38a5e9df1","time":{"start":1769963714220,"stop":1769963826369,"duration":112149},"description":"  As a Customer\n  I want to login AskOmDch OnlineStore\n  So that I can access my personalized data and preferences.","descriptionHtml":"<p>As a Customer<br />\nI want to login AskOmDch OnlineStore<br />\nSo that I can access my personalized data and preferences.</p>\n","status":"broken","statusMessage":"Expected condition failed: waiting for visibility of element located by By.linkText: Dashboard (tried for 15 second(s) with 500 milliseconds interval)\nBuild info: version: '4.39.0', revision: '126f156aee'\nSystem info: os.name: 'Windows 11', os.arch: 'amd64', os.version: '10.0', java.version: '25'\nDriver info: org.openqa.selenium.chrome.ChromeDriver\nCapabilities {acceptInsecureCerts: false, browserName: chrome, browserVersion: 144.0.7559.110, chrome: {chromedriverVersion: 144.0.7559.96 (d7b80622cfab..., userDataDir: C:\\Users\\USER\\AppData\\Local...}, fedcm:accounts: true, goog:chromeOptions: {debuggerAddress: localhost:61472}, goog:processID: 20928, networkConnectionEnabled: false, pageLoadStrategy: normal, platformName: windows, proxy: Proxy(), se:cdp: ws://localhost:61472/devtoo..., se:cdpVersion: 144.0.7559.110, setWindowRect: true, strictFileInteractability: false, timeouts: {implicit: 0, pageLoad: 300000, script: 30000}, unhandledPromptBehavior: dismiss and notify, webauthn:extension:credBlob: true, webauthn:extension:largeBlob: true, webauthn:extension:minPinLength: true, webauthn:extension:prf: true, webauthn:virtualAuthenticators: true}\nSession ID: 1cadb3eff24c1840a44ed01ebdaad976","statusTrace":"org.openqa.selenium.TimeoutException: Expected condition failed: waiting for visibility of element located by By.linkText: Dashboard (tried for 15 second(s) with 500 milliseconds interval)\nBuild info: version: '4.39.0', revision: '126f156aee'\nSystem info: os.name: 'Windows 11', os.arch: 'amd64', os.version: '10.0', java.version: '25'\nDriver info: org.openqa.selenium.chrome.ChromeDriver\nCapabilities {acceptInsecureCerts: false, browserName: chrome, browserVersion: 144.0.7559.110, chrome: {chromedriverVersion: 144.0.7559.96 (d7b80622cfab..., userDataDir: C:\\Users\\USER\\AppData\\Local...}, fedcm:accounts: true, goog:chromeOptions: {debuggerAddress: localhost:61472}, goog:processID: 20928, networkConnectionEnabled: false, pageLoadStrategy: normal, platformName: windows, proxy: Proxy(), se:cdp: ws://localhost:61472/devtoo..., se:cdpVersion: 144.0.7559.110, setWindowRect: true, strictFileInteractability: false, timeouts: {implicit: 0, pageLoad: 300000, script: 30000}, unhandledPromptBehavior: dismiss and notify, webauthn:extension:credBlob: true, webauthn:extension:largeBlob: true, webauthn:extension:minPinLength: true, webauthn:extension:prf: true, webauthn:virtualAuthenticators: true}\nSession ID: 1cadb3eff24c1840a44ed01ebdaad976\r\n\tat org.openqa.selenium.support.ui.WebDriverWait.timeoutException(WebDriverWait.java:84)\r\n\tat org.openqa.selenium.support.ui.FluentWait.until(FluentWait.java:228)\r\n\tat askomdch.pages.DashboardPage.getDashboardAccess(DashboardPage.java:26)\r\n\tat askomdch.stepdefinitions.login.LoginStepDefinitions.getAccessToDashboard(LoginStepDefinitions.java:40)\r\n\tat ✽.I get redirected to Dashboard Page(file:///C:/Users/USER/IdeaProjects/AskomdchBDD_GROUP3_GATE/src/test/resources/askomdch/features/login/Login.feature:14)\r\n","flaky":false,"newFailed":false,"newBroken":false,"newPassed":false,"retriesCount":0,"retriesStatusChange":false,"beforeStages":[],"testStage":{"description":"  As a Customer\n  I want to login AskOmDch OnlineStore\n  So that I can access my personalized data and preferences.","status":"broken","statusMessage":"Expected condition failed: waiting for visibility of element located by By.linkText: Dashboard (tried for 15 second(s) with 500 milliseconds interval)\nBuild info: version: '4.39.0', revision: '126f156aee'\nSystem info: os.name: 'Windows 11', os.arch: 'amd64', os.version: '10.0', java.version: '25'\nDriver info: org.openqa.selenium.chrome.ChromeDriver\nCapabilities {acceptInsecureCerts: false, browserName: chrome, browserVersion: 144.0.7559.110, chrome: {chromedriverVersion: 144.0.7559.96 (d7b80622cfab..., userDataDir: C:\\Users\\USER\\AppData\\Local...}, fedcm:accounts: true, goog:chromeOptions: {debuggerAddress: localhost:61472}, goog:processID: 20928, networkConnectionEnabled: false, pageLoadStrategy: normal, platformName: windows, proxy: Proxy(), se:cdp: ws://localhost:61472/devtoo..., se:cdpVersion: 144.0.7559.110, setWindowRect: true, strictFileInteractability: false, timeouts: {implicit: 0, pageLoad: 300000, script: 30000}, unhandledPromptBehavior: dismiss and notify, webauthn:extension:credBlob: true, webauthn:extension:largeBlob: true, webauthn:extension:minPinLength: true, webauthn:extension:prf: true, webauthn:virtualAuthenticators: true}\nSession ID: 1cadb3eff24c1840a44ed01ebdaad976","statusTrace":"org.openqa.selenium.TimeoutException: Expected condition failed: waiting for visibility of element located by By.linkText: Dashboard (tried for 15 second(s) with 500 milliseconds interval)\nBuild info: version: '4.39.0', revision: '126f156aee'\nSystem info: os.name: 'Windows 11', os.arch: 'amd64', os.version: '10.0', java.version: '25'\nDriver info: org.openqa.selenium.chrome.ChromeDriver\nCapabilities {acceptInsecureCerts: false, browserName: chrome, browserVersion: 144.0.7559.110, chrome: {chromedriverVersion: 144.0.7559.96 (d7b80622cfab..., userDataDir: C:\\Users\\USER\\AppData\\Local...}, fedcm:accounts: true, goog:chromeOptions: {debuggerAddress: localhost:61472}, goog:processID: 20928, networkConnectionEnabled: false, pageLoadStrategy: normal, platformName: windows, proxy: Proxy(), se:cdp: ws://localhost:61472/devtoo..., se:cdpVersion: 144.0.7559.110, setWindowRect: true, strictFileInteractability: false, timeouts: {implicit: 0, pageLoad: 300000, script: 30000}, unhandledPromptBehavior: dismiss and notify, webauthn:extension:credBlob: true, webauthn:extension:largeBlob: true, webauthn:extension:minPinLength: true, webauthn:extension:prf: true, webauthn:virtualAuthenticators: true}\nSession ID: 1cadb3eff24c1840a44ed01ebdaad976\r\n\tat org.openqa.selenium.support.ui.WebDriverWait.timeoutException(WebDriverWait.java:84)\r\n\tat org.openqa.selenium.support.ui.FluentWait.until(FluentWait.java:228)\r\n\tat askomdch.pages.DashboardPage.getDashboardAccess(DashboardPage.java:26)\r\n\tat askomdch.stepdefinitions.login.LoginStepDefinitions.getAccessToDashboard(LoginStepDefinitions.java:40)\r\n\tat ✽.I get redirected to Dashboard Page(file:///C:/Users/USER/IdeaProjects/AskomdchBDD_GROUP3_GATE/src/test/resources/askomdch/features/login/Login.feature:14)\r\n","steps":[{"name":"Given As I'm on the AskOmDch Account Page","time":{"start":1769963714221,"stop":1769963806454,"duration":92233},"status":"passed","steps":[],"attachments":[],"parameters":[],"attachmentStep":false,"shouldDisplayMessage":false,"stepsCount":0,"attachmentsCount":0,"hasContent":false},{"name":"When I enter valid credentials \"USANavy\" and \"Pass456!qqq\"","time":{"start":1769963806455,"stop":1769963807028,"duration":573},"status":"passed","steps":[],"attachments":[],"parameters":[],"attachmentStep":false,"shouldDisplayMessage":false,"stepsCount":0,"attachmentsCount":0,"hasContent":false},{"name":"And I click the \"Log in\" button","time":{"start":1769963807029,"stop":1769963809752,"duration":2723},"status":"passed","steps":[],"attachments":[],"parameters":[],"attachmentStep":false,"shouldDisplayMessage":false,"stepsCount":0,"attachmentsCount":0,"hasContent":false},{"name":"Then I get redirected to Dashboard Page","time":{"start":1769963809754,"stop":1769963825233,"duration":15479},"status":"broken","statusMessage":"Expected condition failed: waiting for visibility of element located by By.linkText: Dashboard (tried for 15 second(s) with 500 milliseconds interval)\nBuild info: version: '4.39.0', revision: '126f156aee'\nSystem info: os.name: 'Windows 11', os.arch: 'amd64', os.version: '10.0', java.version: '25'\nDriver info: org.openqa.selenium.chrome.ChromeDriver\nCapabilities {acceptInsecureCerts: false, browserName: chrome, browserVersion: 144.0.7559.110, chrome: {chromedriverVersion: 144.0.7559.96 (d7b80622cfab..., userDataDir: C:\\Users\\USER\\AppData\\Local...}, fedcm:accounts: true, goog:chromeOptions: {debuggerAddress: localhost:61472}, goog:processID: 20928, networkConnectionEnabled: false, pageLoadStrategy: normal, platformName: windows, proxy: Proxy(), se:cdp: ws://localhost:61472/devtoo..., se:cdpVersion: 144.0.7559.110, setWindowRect: true, strictFileInteractability: false, timeouts: {implicit: 0, pageLoad: 300000, script: 30000}, unhandledPromptBehavior: dismiss and notify, webauthn:extension:credBlob: true, webauthn:extension:largeBlob: true, webauthn:extension:minPinLength: true, webauthn:extension:prf: true, webauthn:virtualAuthenticators: true}\nSession ID: 1cadb3eff24c1840a44ed01ebdaad976","statusTrace":"org.openqa.selenium.TimeoutException: Expected condition failed: waiting for visibility of element located by By.linkText: Dashboard (tried for 15 second(s) with 500 milliseconds interval)\nBuild info: version: '4.39.0', revision: '126f156aee'\nSystem info: os.name: 'Windows 11', os.arch: 'amd64', os.version: '10.0', java.version: '25'\nDriver info: org.openqa.selenium.chrome.ChromeDriver\nCapabilities {acceptInsecureCerts: false, browserName: chrome, browserVersion: 144.0.7559.110, chrome: {chromedriverVersion: 144.0.7559.96 (d7b80622cfab..., userDataDir: C:\\Users\\USER\\AppData\\Local...}, fedcm:accounts: true, goog:chromeOptions: {debuggerAddress: localhost:61472}, goog:processID: 20928, networkConnectionEnabled: false, pageLoadStrategy: normal, platformName: windows, proxy: Proxy(), se:cdp: ws://localhost:61472/devtoo..., se:cdpVersion: 144.0.7559.110, setWindowRect: true, strictFileInteractability: false, timeouts: {implicit: 0, pageLoad: 300000, script: 30000}, unhandledPromptBehavior: dismiss and notify, webauthn:extension:credBlob: true, webauthn:extension:largeBlob: true, webauthn:extension:minPinLength: true, webauthn:extension:prf: true, webauthn:virtualAuthenticators: true}\nSession ID: 1cadb3eff24c1840a44ed01ebdaad976\r\n\tat org.openqa.selenium.support.ui.WebDriverWait.timeoutException(WebDriverWait.java:84)\r\n\tat org.openqa.selenium.support.ui.FluentWait.until(FluentWait.java:228)\r\n\tat askomdch.pages.DashboardPage.getDashboardAccess(DashboardPage.java:26)\r\n\tat askomdch.stepdefinitions.login.LoginStepDefinitions.getAccessToDashboard(LoginStepDefinitions.java:40)\r\n\tat ✽.I get redirected to Dashboard Page(file:///C:/Users/USER/IdeaProjects/AskomdchBDD_GROUP3_GATE/src/test/resources/askomdch/features/login/Login.feature:14)\r\n","steps":[],"attachments":[],"parameters":[],"attachmentStep":false,"shouldDisplayMessage":true,"stepsCount":0,"attachmentsCount":0,"hasContent":true},{"name":"And I should see welcome message","time":{"start":1769963825237,"stop":1769963825239,"duration":2},"status":"skipped","steps":[],"attachments":[],"parameters":[],"attachmentStep":false,"shouldDisplayMessage":false,"stepsCount":0,"attachmentsCount":0,"hasContent":false}],"attachments":[],"parameters":[],"attachmentStep":false,"shouldDisplayMessage":false,"stepsCount":5,"attachmentsCount":0,"hasContent":true},"afterStages":[{"name":"askomdch.hooks.Hooks.tearDown(io.cucumber.java.Scenario)","time":{"start":1769963825240,"stop":1769963826344,"duration":1104},"status":"passed","steps":[],"attachments":[{"uid":"cf4705d1b45138e7","name":"failed step","source":"cf4705d1b45138e7png","type":"image/png","size":39538}],"parameters":[],"attachmentStep":false,"shouldDisplayMessage":false,"stepsCount":0,"attachmentsCount":1,"hasContent":true}],"labels":[{"name":"tag","value":"login"},{"name":"tag","value":"positiveScenario"},{"name":"host","value":"LAPTOP-VJ26ODK9-Alicade"},{"name":"thread","value":"16984@LAPTOP-VJ26ODK9-Alicade.main(3)"},{"name":"feature","value":"Login Functionality"},{"name":"story","value":"Login Successfully"},{"name":"suite","value":"Login Functionality"},{"name":"testClass","value":"Login Successfully"},{"name":"framework","value":"cucumber4jvm"},{"name":"language","value":"java"},{"name":"gherkin_uri","value":"file:///C:/Users/USER/IdeaProjects/AskomdchBDD_GROUP3_GATE/src/test/resources/askomdch/features/login/Login.feature"},{"name":"package","value":"src.test.resources.askomdch.features.login.Login_feature.Login Functionality"},{"name":"resultFormat","value":"allure2"}],"parameters":[{"name":"password","value":"Pass456!qqq"},{"name":"username","value":"USANavy"}],"links":[],"hidden":true,"retry":true,"extra":{"categories":[],"tags":["positiveScenario","login"]},"source":"89ea1697577f21f4.json","parameterValues":["Pass456!qqq","USANavy"]}