{"uid":"abc8fdde97a30c24","name":"Successfully initiate password reset","fullName":"src/test/resources/askomdch/features/login/Login.feature:35","historyId":"4563ef95c93aca86dedb9937c117c3ed","time":{"start":1769978569207,"stop":1769978682325,"duration":113118},"description":"  As a Customer\n  I want to login AskOmDch OnlineStore\n  So that I can access my personalized data and preferences.","descriptionHtml":"<p>As a Customer<br />\nI want to login AskOmDch OnlineStore<br />\nSo that I can access my personalized data and preferences.</p>\n","status":"broken","statusMessage":"Expected condition failed: waiting for visibility of element located by By.cssSelector: div.woocommerce-message (tried for 15 second(s) with 500 milliseconds interval)\nBuild info: version: '4.39.0', revision: '126f156aee'\nSystem info: os.name: 'Windows 11', os.arch: 'amd64', os.version: '10.0', java.version: '25'\nDriver info: org.openqa.selenium.chrome.ChromeDriver\nCapabilities {acceptInsecureCerts: false, browserName: chrome, browserVersion: 144.0.7559.110, chrome: {chromedriverVersion: 144.0.7559.96 (d7b80622cfab..., userDataDir: C:\\Users\\USER\\AppData\\Local...}, fedcm:accounts: true, goog:chromeOptions: {debuggerAddress: localhost:58061}, goog:processID: 30096, networkConnectionEnabled: false, pageLoadStrategy: normal, platformName: windows, proxy: Proxy(), se:cdp: ws://localhost:58061/devtoo..., se:cdpVersion: 144.0.7559.110, setWindowRect: true, strictFileInteractability: false, timeouts: {implicit: 0, pageLoad: 300000, script: 30000}, unhandledPromptBehavior: dismiss and notify, webauthn:extension:credBlob: true, webauthn:extension:largeBlob: true, webauthn:extension:minPinLength: true, webauthn:extension:prf: true, webauthn:virtualAuthenticators: true}\nSession ID: 700643496a9f77b7b09c6587fc7d44ee","statusTrace":"org.openqa.selenium.TimeoutException: Expected condition failed: waiting for visibility of element located by By.cssSelector: div.woocommerce-message (tried for 15 second(s) with 500 milliseconds interval)\nBuild info: version: '4.39.0', revision: '126f156aee'\nSystem info: os.name: 'Windows 11', os.arch: 'amd64', os.version: '10.0', java.version: '25'\nDriver info: org.openqa.selenium.chrome.ChromeDriver\nCapabilities {acceptInsecureCerts: false, browserName: chrome, browserVersion: 144.0.7559.110, chrome: {chromedriverVersion: 144.0.7559.96 (d7b80622cfab..., userDataDir: C:\\Users\\USER\\AppData\\Local...}, fedcm:accounts: true, goog:chromeOptions: {debuggerAddress: localhost:58061}, goog:processID: 30096, networkConnectionEnabled: false, pageLoadStrategy: normal, platformName: windows, proxy: Proxy(), se:cdp: ws://localhost:58061/devtoo..., se:cdpVersion: 144.0.7559.110, setWindowRect: true, strictFileInteractability: false, timeouts: {implicit: 0, pageLoad: 300000, script: 30000}, unhandledPromptBehavior: dismiss and notify, webauthn:extension:credBlob: true, webauthn:extension:largeBlob: true, webauthn:extension:minPinLength: true, webauthn:extension:prf: true, webauthn:virtualAuthenticators: true}\nSession ID: 700643496a9f77b7b09c6587fc7d44ee\r\n\tat org.openqa.selenium.support.ui.WebDriverWait.timeoutException(WebDriverWait.java:84)\r\n\tat org.openqa.selenium.support.ui.FluentWait.until(FluentWait.java:228)\r\n\tat askomdch.pages.AccountPage.getPasswordResetConfirmationMessage(AccountPage.java:90)\r\n\tat askomdch.stepdefinitions.login.LoginStepDefinitions.i_should_see_confirmation_message(LoginStepDefinitions.java:87)\r\n\tat ✽.I should see a confirmation message \"Password reset email has been sent.\"(file:///C:/Users/USER/IdeaProjects/AskomdchBDD_GROUP3_GATE/src/test/resources/askomdch/features/login/Login.feature:40)\r\n","flaky":false,"newFailed":false,"newBroken":false,"newPassed":false,"retriesCount":0,"retriesStatusChange":false,"beforeStages":[],"testStage":{"description":"  As a Customer\n  I want to login AskOmDch OnlineStore\n  So that I can access my personalized data and preferences.","status":"broken","statusMessage":"Expected condition failed: waiting for visibility of element located by By.cssSelector: div.woocommerce-message (tried for 15 second(s) with 500 milliseconds interval)\nBuild info: version: '4.39.0', revision: '126f156aee'\nSystem info: os.name: 'Windows 11', os.arch: 'amd64', os.version: '10.0', java.version: '25'\nDriver info: org.openqa.selenium.chrome.ChromeDriver\nCapabilities {acceptInsecureCerts: false, browserName: chrome, browserVersion: 144.0.7559.110, chrome: {chromedriverVersion: 144.0.7559.96 (d7b80622cfab..., userDataDir: C:\\Users\\USER\\AppData\\Local...}, fedcm:accounts: true, goog:chromeOptions: {debuggerAddress: localhost:58061}, goog:processID: 30096, networkConnectionEnabled: false, pageLoadStrategy: normal, platformName: windows, proxy: Proxy(), se:cdp: ws://localhost:58061/devtoo..., se:cdpVersion: 144.0.7559.110, setWindowRect: true, strictFileInteractability: false, timeouts: {implicit: 0, pageLoad: 300000, script: 30000}, unhandledPromptBehavior: dismiss and notify, webauthn:extension:credBlob: true, webauthn:extension:largeBlob: true, webauthn:extension:minPinLength: true, webauthn:extension:prf: true, webauthn:virtualAuthenticators: true}\nSession ID: 700643496a9f77b7b09c6587fc7d44ee","statusTrace":"org.openqa.selenium.TimeoutException: Expected condition failed: waiting for visibility of element located by By.cssSelector: div.woocommerce-message (tried for 15 second(s) with 500 milliseconds interval)\nBuild info: version: '4.39.0', revision: '126f156aee'\nSystem info: os.name: 'Windows 11', os.arch: 'amd64', os.version: '10.0', java.version: '25'\nDriver info: org.openqa.selenium.chrome.ChromeDriver\nCapabilities {acceptInsecureCerts: false, browserName: chrome, browserVersion: 144.0.7559.110, chrome: {chromedriverVersion: 144.0.7559.96 (d7b80622cfab..., userDataDir: C:\\Users\\USER\\AppData\\Local...}, fedcm:accounts: true, goog:chromeOptions: {debuggerAddress: localhost:58061}, goog:processID: 30096, networkConnectionEnabled: false, pageLoadStrategy: normal, platformName: windows, proxy: Proxy(), se:cdp: ws://localhost:58061/devtoo..., se:cdpVersion: 144.0.7559.110, setWindowRect: true, strictFileInteractability: false, timeouts: {implicit: 0, pageLoad: 300000, script: 30000}, unhandledPromptBehavior: dismiss and notify, webauthn:extension:credBlob: true, webauthn:extension:largeBlob: true, webauthn:extension:minPinLength: true, webauthn:extension:prf: true, webauthn:virtualAuthenticators: true}\nSession ID: 700643496a9f77b7b09c6587fc7d44ee\r\n\tat org.openqa.selenium.support.ui.WebDriverWait.timeoutException(WebDriverWait.java:84)\r\n\tat org.openqa.selenium.support.ui.FluentWait.until(FluentWait.java:228)\r\n\tat askomdch.pages.AccountPage.getPasswordResetConfirmationMessage(AccountPage.java:90)\r\n\tat askomdch.stepdefinitions.login.LoginStepDefinitions.i_should_see_confirmation_message(LoginStepDefinitions.java:87)\r\n\tat ✽.I should see a confirmation message \"Password reset email has been sent.\"(file:///C:/Users/USER/IdeaProjects/AskomdchBDD_GROUP3_GATE/src/test/resources/askomdch/features/login/Login.feature:40)\r\n","steps":[{"name":"Given As I'm on the AskOmDch Account Page","time":{"start":1769978569210,"stop":1769978661533,"duration":92323},"status":"passed","steps":[],"attachments":[],"parameters":[],"attachmentStep":false,"shouldDisplayMessage":false,"stepsCount":0,"attachmentsCount":0,"hasContent":false},{"name":"Given I am on the \"Account\" page","time":{"start":1769978661534,"stop":1769978663730,"duration":2196},"status":"passed","steps":[],"attachments":[],"parameters":[],"attachmentStep":false,"shouldDisplayMessage":false,"stepsCount":0,"attachmentsCount":0,"hasContent":false},{"name":"When I click the \"Lost your password?\" link","time":{"start":1769978663730,"stop":1769978665251,"duration":1521},"status":"passed","steps":[],"attachments":[],"parameters":[],"attachmentStep":false,"shouldDisplayMessage":false,"stepsCount":0,"attachmentsCount":0,"hasContent":false},{"name":"And I enter a registered email \"qwerty\" in the lost password email field","time":{"start":1769978665252,"stop":1769978665404,"duration":152},"status":"passed","steps":[],"attachments":[],"parameters":[],"attachmentStep":false,"shouldDisplayMessage":false,"stepsCount":0,"attachmentsCount":0,"hasContent":false},{"name":"And I click the \"Reset password\" button","time":{"start":1769978665406,"stop":1769978665514,"duration":108},"status":"passed","steps":[],"attachments":[],"parameters":[],"attachmentStep":false,"shouldDisplayMessage":false,"stepsCount":0,"attachmentsCount":0,"hasContent":false},{"name":"Then I should see a confirmation message \"Password reset email has been sent.\"","time":{"start":1769978665515,"stop":1769978681445,"duration":15930},"status":"broken","statusMessage":"Expected condition failed: waiting for visibility of element located by By.cssSelector: div.woocommerce-message (tried for 15 second(s) with 500 milliseconds interval)\nBuild info: version: '4.39.0', revision: '126f156aee'\nSystem info: os.name: 'Windows 11', os.arch: 'amd64', os.version: '10.0', java.version: '25'\nDriver info: org.openqa.selenium.chrome.ChromeDriver\nCapabilities {acceptInsecureCerts: false, browserName: chrome, browserVersion: 144.0.7559.110, chrome: {chromedriverVersion: 144.0.7559.96 (d7b80622cfab..., userDataDir: C:\\Users\\USER\\AppData\\Local...}, fedcm:accounts: true, goog:chromeOptions: {debuggerAddress: localhost:58061}, goog:processID: 30096, networkConnectionEnabled: false, pageLoadStrategy: normal, platformName: windows, proxy: Proxy(), se:cdp: ws://localhost:58061/devtoo..., se:cdpVersion: 144.0.7559.110, setWindowRect: true, strictFileInteractability: false, timeouts: {implicit: 0, pageLoad: 300000, script: 30000}, unhandledPromptBehavior: dismiss and notify, webauthn:extension:credBlob: true, webauthn:extension:largeBlob: true, webauthn:extension:minPinLength: true, webauthn:extension:prf: true, webauthn:virtualAuthenticators: true}\nSession ID: 700643496a9f77b7b09c6587fc7d44ee","statusTrace":"org.openqa.selenium.TimeoutException: Expected condition failed: waiting for visibility of element located by By.cssSelector: div.woocommerce-message (tried for 15 second(s) with 500 milliseconds interval)\nBuild info: version: '4.39.0', revision: '126f156aee'\nSystem info: os.name: 'Windows 11', os.arch: 'amd64', os.version: '10.0', java.version: '25'\nDriver info: org.openqa.selenium.chrome.ChromeDriver\nCapabilities {acceptInsecureCerts: false, browserName: chrome, browserVersion: 144.0.7559.110, chrome: {chromedriverVersion: 144.0.7559.96 (d7b80622cfab..., userDataDir: C:\\Users\\USER\\AppData\\Local...}, fedcm:accounts: true, goog:chromeOptions: {debuggerAddress: localhost:58061}, goog:processID: 30096, networkConnectionEnabled: false, pageLoadStrategy: normal, platformName: windows, proxy: Proxy(), se:cdp: ws://localhost:58061/devtoo..., se:cdpVersion: 144.0.7559.110, setWindowRect: true, strictFileInteractability: false, timeouts: {implicit: 0, pageLoad: 300000, script: 30000}, unhandledPromptBehavior: dismiss and notify, webauthn:extension:credBlob: true, webauthn:extension:largeBlob: true, webauthn:extension:minPinLength: true, webauthn:extension:prf: true, webauthn:virtualAuthenticators: true}\nSession ID: 700643496a9f77b7b09c6587fc7d44ee\r\n\tat org.openqa.selenium.support.ui.WebDriverWait.timeoutException(WebDriverWait.java:84)\r\n\tat org.openqa.selenium.support.ui.FluentWait.until(FluentWait.java:228)\r\n\tat askomdch.pages.AccountPage.getPasswordResetConfirmationMessage(AccountPage.java:90)\r\n\tat askomdch.stepdefinitions.login.LoginStepDefinitions.i_should_see_confirmation_message(LoginStepDefinitions.java:87)\r\n\tat ✽.I should see a confirmation message \"Password reset email has been sent.\"(file:///C:/Users/USER/IdeaProjects/AskomdchBDD_GROUP3_GATE/src/test/resources/askomdch/features/login/Login.feature:40)\r\n","steps":[],"attachments":[],"parameters":[],"attachmentStep":false,"shouldDisplayMessage":true,"stepsCount":0,"attachmentsCount":0,"hasContent":true}],"attachments":[],"parameters":[],"attachmentStep":false,"shouldDisplayMessage":false,"stepsCount":6,"attachmentsCount":0,"hasContent":true},"afterStages":[{"name":"askomdch.hooks.Hooks.tearDown(io.cucumber.java.Scenario)","time":{"start":1769978681457,"stop":1769978682316,"duration":859},"status":"passed","steps":[],"attachments":[{"uid":"89b2c846beb52fbf","name":"failed step","source":"89b2c846beb52fbfpng","type":"image/png","size":49424}],"parameters":[],"attachmentStep":false,"shouldDisplayMessage":false,"stepsCount":0,"attachmentsCount":1,"hasContent":true}],"labels":[{"name":"tag","value":"login"},{"name":"tag","value":"positiveScenario"},{"name":"host","value":"LAPTOP-VJ26ODK9-Alicade"},{"name":"thread","value":"11288@LAPTOP-VJ26ODK9-Alicade.pool-3-thread-1(37)"},{"name":"feature","value":"Login Functionality"},{"name":"story","value":"Successfully initiate password reset"},{"name":"suite","value":"Login Functionality"},{"name":"testClass","value":"Successfully initiate password reset"},{"name":"framework","value":"cucumber4jvm"},{"name":"language","value":"java"},{"name":"gherkin_uri","value":"file:///C:/Users/USER/IdeaProjects/AskomdchBDD_GROUP3_GATE/src/test/resources/askomdch/features/login/Login.feature"},{"name":"package","value":"src.test.resources.askomdch.features.login.Login_feature.Login Functionality"},{"name":"resultFormat","value":"allure2"}],"parameters":[],"links":[],"hidden":true,"retry":true,"extra":{"categories":[],"tags":["positiveScenario","login"]},"source":"abc8fdde97a30c24.json","parameterValues":[]}